  SA.cpp
C:\Users\karol\Desktop\PEA_SA\SA\SA\SA.cpp(55,9): warning C4101: "endNode": lokalna zmienna, do której nie istnieje odwołanie
C:\Users\karol\Desktop\PEA_SA\SA\SA\SA.cpp(54,9): warning C4101: "startNode": lokalna zmienna, do której nie istnieje odwołanie
C:\Users\karol\Desktop\PEA_SA\SA\SA\SA.cpp(130,21): warning C4244: "inicjowanie": konwersja z "float" do "int", możliwa utrata danych
C:\Users\karol\Desktop\PEA_SA\SA\SA\SA.cpp(131,62): warning C4244: "=": konwersja z "double" do "float", możliwa utrata danych
C:\Users\karol\Desktop\PEA_SA\SA\SA\SA.cpp(133,21): warning C4244: "=": konwersja z "float" do "int", możliwa utrata danych
C:\Users\karol\Desktop\PEA_SA\SA\SA\SA.cpp(134,63): warning C4244: "=": konwersja z "double" do "float", możliwa utrata danych
C:\Users\karol\Desktop\PEA_SA\SA\SA\SA.cpp(138,27): warning C4305: "inicjowanie": obcięcie z "double" do "float"
C:\Users\karol\Desktop\PEA_SA\SA\SA\SA.cpp(153,34): warning C4244: "=": konwersja z "int" do "float", możliwa utrata danych
C:\Users\karol\Desktop\PEA_SA\SA\SA\SA.cpp(154,34): warning C4244: "=": konwersja z "int" do "float", możliwa utrata danych
C:\Users\karol\Desktop\PEA_SA\SA\SA\SA.cpp(155,21): warning C4244: "=": konwersja z "float" do "int", możliwa utrata danych
C:\Users\karol\Desktop\PEA_SA\SA\SA\SA.cpp(156,21): warning C4244: "=": konwersja z "float" do "int", możliwa utrata danych
C:\Users\karol\Desktop\PEA_SA\SA\SA\SA.cpp(163,25): warning C4244: "=": konwersja z "double" do "int", możliwa utrata danych
C:\Users\karol\Desktop\PEA_SA\SA\SA\SA.cpp(94,9): warning C4101: "mode": lokalna zmienna, do której nie istnieje odwołanie
C:\Users\karol\Desktop\PEA_SA\SA\SA\SA.cpp(207,57): warning C4101: "e": lokalna zmienna, do której nie istnieje odwołanie
C:\Users\karol\Desktop\PEA_SA\SA\SA\SA.cpp(217,57): warning C4101: "e": lokalna zmienna, do której nie istnieje odwołanie
C:\Users\karol\Desktop\PEA_SA\SA\SA\SA.cpp(226,57): warning C4101: "e": lokalna zmienna, do której nie istnieje odwołanie
C:\Users\karol\Desktop\PEA_SA\SA\SA\SA.cpp(235,57): warning C4101: "e": lokalna zmienna, do której nie istnieje odwołanie
C:\Users\karol\Desktop\PEA_SA\SA\SA\SA.cpp(244,57): warning C4101: "e": lokalna zmienna, do której nie istnieje odwołanie
C:\Users\karol\Desktop\PEA_SA\SA\SA\SA.cpp(253,57): warning C4101: "e": lokalna zmienna, do której nie istnieje odwołanie
C:\Users\karol\Desktop\PEA_SA\SA\SA\SA.cpp(262,57): warning C4101: "e": lokalna zmienna, do której nie istnieje odwołanie
C:\Users\karol\Desktop\PEA_SA\SA\SA\SA.cpp(352,24): warning C4244: "argument": konwersja z "int" do "float", możliwa utrata danych
C:\Users\karol\Desktop\PEA_SA\SA\SA\SA.cpp(355,25): warning C4244: "=": konwersja z "double" do "float", możliwa utrata danych
  SA.vcxproj -> C:\Users\karol\Desktop\PEA_SA\SA\x64\Debug\SA.exe
